<?xml version="1.0" encoding="UTF-8"?>
<testsuite xmlns:xsi="http://www.w3.org/2001/XMLSchema-instance" xsi:noNamespaceSchemaLocation="https://maven.apache.org/surefire/maven-surefire-plugin/xsd/surefire-test-report-3.0.xsd" version="3.0" name="io.getarrays.userservice.ApplicationTests" time="6.933" tests="1" errors="0" skipped="0" failures="0">
  <properties>
[...]
</properties>
  <testcase name="contextLoads" classname="io.getarrays.userservice.ApplicationTests" time="0.696">
    <system-out><![CDATA[23:27:49.793 [main] INFO org.springframework.test.context.support.AnnotationConfigContextLoaderUtils -- Could not detect default configuration classes for test class [io.getarrays.userservice.ApplicationTests]: ApplicationTests does not declare any static, non-private, non-final, nested classes annotated with @Configuration.
23:27:49.934 [main] INFO org.springframework.boot.test.context.SpringBootTestContextBootstrapper -- Found @SpringBootConfiguration io.getarrays.userservice.Application for test class io.getarrays.userservice.ApplicationTests

  .   ____          _            __ _ _
 /\\ / ___'_ __ _ _(_)_ __  __ _ \ \ \ \
( ( )\___ | '_ | '_| | '_ \/ _` | \ \ \ \
 \\/  ___)| |_)| | | | | || (_| |  ) ) ) )
  '  |____| .__|_| |_|_| |_\__, | / / / /
 =========|_|==============|___/=/_/_/_/
 :: Spring Boot ::                (v3.1.1)

2024-04-30T23:27:50.547+05:30  INFO 38960 --- [           main] i.g.userservice.ApplicationTests         : Starting ApplicationTests using Java 17.0.5 with PID 38960 (started by shivam in D:\springbootemails-main)
2024-04-30T23:27:50.549+05:30  INFO 38960 --- [           main] i.g.userservice.ApplicationTests         : The following 1 profile is active: "dev"
2024-04-30T23:27:51.360+05:30  INFO 38960 --- [           main] .s.d.r.c.RepositoryConfigurationDelegate : Bootstrapping Spring Data JPA repositories in DEFAULT mode.
2024-04-30T23:27:51.465+05:30  INFO 38960 --- [           main] .s.d.r.c.RepositoryConfigurationDelegate : Finished Spring Data repository scanning in 91 ms. Found 2 JPA repository interfaces.
2024-04-30T23:27:52.090+05:30  INFO 38960 --- [           main] o.hibernate.jpa.internal.util.LogHelper  : HHH000204: Processing PersistenceUnitInfo [name: default]
2024-04-30T23:27:52.179+05:30  INFO 38960 --- [           main] org.hibernate.Version                    : HHH000412: Hibernate ORM core version 6.2.5.Final
2024-04-30T23:27:52.182+05:30  INFO 38960 --- [           main] org.hibernate.cfg.Environment            : HHH000406: Using bytecode reflection optimizer
2024-04-30T23:27:52.511+05:30  INFO 38960 --- [           main] o.h.b.i.BytecodeProviderInitiator        : HHH000021: Bytecode provider name : bytebuddy
2024-04-30T23:27:52.804+05:30  INFO 38960 --- [           main] o.s.o.j.p.SpringPersistenceUnitInfo      : No LoadTimeWeaver setup: ignoring JPA class transformer
2024-04-30T23:27:52.830+05:30  INFO 38960 --- [           main] com.zaxxer.hikari.HikariDataSource       : HikariPool-1 - Starting...
2024-04-30T23:27:53.121+05:30  INFO 38960 --- [           main] com.zaxxer.hikari.pool.HikariPool        : HikariPool-1 - Added connection org.postgresql.jdbc.PgConnection@464aeb09
2024-04-30T23:27:53.123+05:30  INFO 38960 --- [           main] com.zaxxer.hikari.HikariDataSource       : HikariPool-1 - Start completed.
2024-04-30T23:27:53.504+05:30  INFO 38960 --- [           main] o.h.b.i.BytecodeProviderInitiator        : HHH000021: Bytecode provider name : bytebuddy
2024-04-30T23:27:54.406+05:30  INFO 38960 --- [           main] o.h.e.t.j.p.i.JtaPlatformInitiator       : HHH000490: Using JtaPlatform implementation: [org.hibernate.engine.transaction.jta.platform.internal.NoJtaPlatform]
Hibernate: 
    alter table if exists "confirmations" 
       alter column "created_date" set data type timestamp(6)
2024-04-30T23:27:54.534+05:30  INFO 38960 --- [           main] j.LocalContainerEntityManagerFactoryBean : Initialized JPA EntityManagerFactory for persistence unit 'default'
2024-04-30T23:27:55.280+05:30  WARN 38960 --- [           main] JpaBaseConfiguration$JpaWebConfiguration : spring.jpa.open-in-view is enabled by default. Therefore, database queries may be performed during view rendering. Explicitly configure spring.jpa.open-in-view to disable this warning
2024-04-30T23:27:55.780+05:30  INFO 38960 --- [           main] i.g.userservice.ApplicationTests         : Started ApplicationTests in 5.626 seconds (process running for 6.84)
]]></system-out>
  </testcase>
</testsuite>